0 info it worked if it ends with ok
1 verbose cli [ 'node',
1 verbose cli   '/usr/local/bin/npm',
1 verbose cli   'install',
1 verbose cli   '-g',
1 verbose cli   'gulp',
1 verbose cli   'bower',
1 verbose cli   'grunt' ]
2 info using npm@2.7.0
3 info using node@v0.12.0
4 silly cache add args [ 'gulp', null ]
5 verbose cache add spec gulp
6 silly cache add args [ 'bower', null ]
7 verbose cache add spec bower
8 silly cache add args [ 'grunt', null ]
9 verbose cache add spec grunt
10 silly cache add parsed spec { raw: 'gulp',
10 silly cache add   scope: null,
10 silly cache add   name: 'gulp',
10 silly cache add   rawSpec: '',
10 silly cache add   spec: '*',
10 silly cache add   type: 'range' }
11 verbose addNamed gulp@*
12 silly addNamed semver.valid null
13 silly addNamed semver.validRange *
14 silly addNameRange { name: 'gulp', range: '*', hasData: false }
15 silly mapToRegistry name gulp
16 silly mapToRegistry using default registry
17 silly mapToRegistry registry https://registry.npmjs.org/
18 silly mapToRegistry uri https://registry.npmjs.org/gulp
19 verbose addNameRange registry:https://registry.npmjs.org/gulp not in flight; fetching
20 silly cache add parsed spec { raw: 'bower',
20 silly cache add   scope: null,
20 silly cache add   name: 'bower',
20 silly cache add   rawSpec: '',
20 silly cache add   spec: '*',
20 silly cache add   type: 'range' }
21 verbose addNamed bower@*
22 silly addNamed semver.valid null
23 silly addNamed semver.validRange *
24 silly addNameRange { name: 'bower', range: '*', hasData: false }
25 silly mapToRegistry name bower
26 silly mapToRegistry using default registry
27 silly mapToRegistry registry https://registry.npmjs.org/
28 silly mapToRegistry uri https://registry.npmjs.org/bower
29 verbose addNameRange registry:https://registry.npmjs.org/bower not in flight; fetching
30 silly cache add parsed spec { raw: 'grunt',
30 silly cache add   scope: null,
30 silly cache add   name: 'grunt',
30 silly cache add   rawSpec: '',
30 silly cache add   spec: '*',
30 silly cache add   type: 'range' }
31 verbose addNamed grunt@*
32 silly addNamed semver.valid null
33 silly addNamed semver.validRange *
34 silly addNameRange { name: 'grunt', range: '*', hasData: false }
35 silly mapToRegistry name grunt
36 silly mapToRegistry using default registry
37 silly mapToRegistry registry https://registry.npmjs.org/
38 silly mapToRegistry uri https://registry.npmjs.org/grunt
39 verbose addNameRange registry:https://registry.npmjs.org/grunt not in flight; fetching
40 verbose request uri https://registry.npmjs.org/grunt
41 verbose request no auth needed
42 info attempt registry request try #1 at 14:52:08
43 verbose request id bdac1a5d9bbb1cfb
44 http request GET https://registry.npmjs.org/grunt
45 verbose request uri https://registry.npmjs.org/bower
46 verbose request no auth needed
47 info attempt registry request try #1 at 14:52:08
48 http request GET https://registry.npmjs.org/bower
49 verbose request uri https://registry.npmjs.org/gulp
50 verbose request no auth needed
51 info attempt registry request try #1 at 14:52:08
52 verbose etag "3KU8L97MB7N0DUOF3OVHSWHE8"
53 http request GET https://registry.npmjs.org/gulp
54 http 200 https://registry.npmjs.org/grunt
55 silly get cb [ 200,
55 silly get   { date: 'Mon, 23 Mar 2015 13:52:08 GMT',
55 silly get     server: 'CouchDB/1.5.0 (Erlang OTP/R16B03)',
55 silly get     etag: '"TX9A3C4S1HIA59DEZ9GNFMOG"',
55 silly get     'content-type': 'application/json',
55 silly get     'cache-control': 'max-age=60',
55 silly get     'content-length': '88621',
55 silly get     'accept-ranges': 'bytes',
55 silly get     via: '1.1 varnish',
55 silly get     age: '22',
55 silly get     'x-served-by': 'cache-fra1243-FRA',
55 silly get     'x-cache': 'HIT',
55 silly get     'x-cache-hits': '2',
55 silly get     'x-timer': 'S1427118728.341224,VS0,VE0',
55 silly get     vary: 'Accept',
55 silly get     'keep-alive': 'timeout=10, max=50',
55 silly get     connection: 'Keep-Alive' } ]
56 verbose get saving grunt to /Users/lor/.npm/registry.npmjs.org/grunt/.cache.json
57 silly addNameRange number 2 { name: 'grunt', range: '*', hasData: true }
58 silly addNameRange versions [ 'grunt',
58 silly addNameRange   [ '0.1.0',
58 silly addNameRange     '0.1.1',
58 silly addNameRange     '0.1.2',
58 silly addNameRange     '0.2.0',
58 silly addNameRange     '0.2.1',
58 silly addNameRange     '0.2.2',
58 silly addNameRange     '0.2.3',
58 silly addNameRange     '0.2.4',
58 silly addNameRange     '0.2.5',
58 silly addNameRange     '0.2.6',
58 silly addNameRange     '0.2.7',
58 silly addNameRange     '0.2.8',
58 silly addNameRange     '0.2.9',
58 silly addNameRange     '0.2.10',
58 silly addNameRange     '0.2.11',
58 silly addNameRange     '0.2.12',
58 silly addNameRange     '0.2.13',
58 silly addNameRange     '0.2.14',
58 silly addNameRange     '0.2.15',
58 silly addNameRange     '0.3.0',
58 silly addNameRange     '0.3.1',
58 silly addNameRange     '0.3.2',
58 silly addNameRange     '0.3.3',
58 silly addNameRange     '0.3.4',
58 silly addNameRange     '0.3.5',
58 silly addNameRange     '0.3.6',
58 silly addNameRange     '0.3.7',
58 silly addNameRange     '0.3.8',
58 silly addNameRange     '0.3.9',
58 silly addNameRange     '0.3.10',
58 silly addNameRange     '0.3.11',
58 silly addNameRange     '0.3.12',
58 silly addNameRange     '0.3.13',
58 silly addNameRange     '0.3.14',
58 silly addNameRange     '0.3.15',
58 silly addNameRange     '0.3.16',
58 silly addNameRange     '0.3.17',
58 silly addNameRange     '0.4.0',
58 silly addNameRange     '0.4.1',
58 silly addNameRange     '0.4.2',
58 silly addNameRange     '0.4.3',
58 silly addNameRange     '0.4.4',
58 silly addNameRange     '0.4.5',
58 silly addNameRange     '0.3.13-a',
58 silly addNameRange     '0.4.0-a',
58 silly addNameRange     '0.4.0-rc1',
58 silly addNameRange     '0.4.0-rc2',
58 silly addNameRange     '0.4.0-rc3',
58 silly addNameRange     '0.4.0-rc4',
58 silly addNameRange     '0.4.0-rc5',
58 silly addNameRange     '0.4.0-rc6',
58 silly addNameRange     '0.4.0-rc7',
58 silly addNameRange     '0.4.0-rc8' ] ]
59 verbose addNamed grunt@0.4.5
60 silly addNamed semver.valid 0.4.5
61 silly addNamed semver.validRange 0.4.5
62 silly mapToRegistry name grunt
63 silly mapToRegistry using default registry
64 silly mapToRegistry registry https://registry.npmjs.org/
65 silly mapToRegistry uri https://registry.npmjs.org/grunt
66 verbose addRemoteTarball https://registry.npmjs.org/grunt/-/grunt-0.4.5.tgz not in flight; adding
67 verbose addRemoteTarball [ 'https://registry.npmjs.org/grunt/-/grunt-0.4.5.tgz',
67 verbose addRemoteTarball   '56937cd5194324adff6d207631832a9d6ba4e7f0' ]
68 info retry fetch attempt 1 at 14:52:09
69 info attempt registry request try #1 at 14:52:09
70 http fetch GET https://registry.npmjs.org/grunt/-/grunt-0.4.5.tgz
71 http 200 https://registry.npmjs.org/bower
72 silly get cb [ 200,
72 silly get   { date: 'Mon, 23 Mar 2015 13:52:08 GMT',
72 silly get     server: 'CouchDB/1.5.0 (Erlang OTP/R16B03)',
72 silly get     etag: '"A3X0VVLYBV0TDNCY1X614VZF6"',
72 silly get     'content-type': 'application/json',
72 silly get     'cache-control': 'max-age=60',
72 silly get     'content-length': '106181',
72 silly get     'accept-ranges': 'bytes',
72 silly get     via: '1.1 varnish',
72 silly get     age: '40',
72 silly get     'x-served-by': 'cache-fra1236-FRA',
72 silly get     'x-cache': 'HIT',
72 silly get     'x-cache-hits': '2',
72 silly get     'x-timer': 'S1427118728.353944,VS0,VE0',
72 silly get     vary: 'Accept',
72 silly get     'keep-alive': 'timeout=10, max=50',
72 silly get     connection: 'Keep-Alive' } ]
73 verbose get saving bower to /Users/lor/.npm/registry.npmjs.org/bower/.cache.json
74 silly addNameRange number 2 { name: 'bower', range: '*', hasData: true }
75 silly addNameRange versions [ 'bower',
75 silly addNameRange   [ '0.1.0',
75 silly addNameRange     '0.1.2',
75 silly addNameRange     '0.1.3',
75 silly addNameRange     '0.2.0',
75 silly addNameRange     '0.3.0',
75 silly addNameRange     '0.3.1',
75 silly addNameRange     '0.3.2',
75 silly addNameRange     '0.4.0',
75 silly addNameRange     '0.5.0',
75 silly addNameRange     '0.5.1',
75 silly addNameRange     '0.6.0',
75 silly addNameRange     '0.6.1',
75 silly addNameRange     '0.6.2',
75 silly addNameRange     '0.6.3',
75 silly addNameRange     '0.6.4',
75 silly addNameRange     '0.6.5',
75 silly addNameRange     '0.6.6',
75 silly addNameRange     '0.6.7',
75 silly addNameRange     '0.6.8',
75 silly addNameRange     '0.7.0',
75 silly addNameRange     '0.7.1',
75 silly addNameRange     '0.8.0',
75 silly addNameRange     '0.8.1',
75 silly addNameRange     '0.8.2',
75 silly addNameRange     '0.8.3',
75 silly addNameRange     '0.8.4',
75 silly addNameRange     '0.8.5',
75 silly addNameRange     '0.8.6',
75 silly addNameRange     '0.9.0',
75 silly addNameRange     '0.9.1',
75 silly addNameRange     '0.9.2',
75 silly addNameRange     '0.10.0',
75 silly addNameRange     '1.0.0',
75 silly addNameRange     '1.0.1',
75 silly addNameRange     '1.0.2',
75 silly addNameRange     '1.0.3',
75 silly addNameRange     '1.1.0',
75 silly addNameRange     '1.1.1',
75 silly addNameRange     '1.1.2',
75 silly addNameRange     '1.2.0',
75 silly addNameRange     '1.2.1',
75 silly addNameRange     '1.2.2',
75 silly addNameRange     '1.2.3',
75 silly addNameRange     '1.2.4',
75 silly addNameRange     '1.2.5',
75 silly addNameRange     '1.2.6',
75 silly addNameRange     '1.2.7',
75 silly addNameRange     '1.2.8',
75 silly addNameRange     '1.3.0',
75 silly addNameRange     '1.3.1',
75 silly addNameRange     '1.3.2',
75 silly addNameRange     '1.3.3',
75 silly addNameRange     '1.3.4',
75 silly addNameRange     '1.3.5',
75 silly addNameRange     '1.3.6',
75 silly addNameRange     '1.3.7',
75 silly addNameRange     '1.3.8',
75 silly addNameRange     '1.3.9',
75 silly addNameRange     '1.3.10',
75 silly addNameRange     '1.3.11',
75 silly addNameRange     '1.3.12' ] ]
76 verbose addNamed bower@1.3.12
77 silly addNamed semver.valid 1.3.12
78 silly addNamed semver.validRange 1.3.12
79 silly mapToRegistry name bower
80 silly mapToRegistry using default registry
81 silly mapToRegistry registry https://registry.npmjs.org/
82 silly mapToRegistry uri https://registry.npmjs.org/bower
83 verbose addRemoteTarball https://registry.npmjs.org/bower/-/bower-1.3.12.tgz not in flight; adding
84 verbose addRemoteTarball [ 'https://registry.npmjs.org/bower/-/bower-1.3.12.tgz',
84 verbose addRemoteTarball   '37de0edb3904baf90aee13384a1a379a05ee214c' ]
85 info retry fetch attempt 1 at 14:52:09
86 info attempt registry request try #1 at 14:52:09
87 http fetch GET https://registry.npmjs.org/bower/-/bower-1.3.12.tgz
88 http 200 https://registry.npmjs.org/gulp
89 silly get cb [ 200,
89 silly get   { date: 'Mon, 23 Mar 2015 13:52:08 GMT',
89 silly get     server: 'CouchDB/1.5.0 (Erlang OTP/R16B03)',
89 silly get     etag: '"7LDGHTM513D1EJ2072FCYEHH7"',
89 silly get     'content-type': 'application/json',
89 silly get     'cache-control': 'max-age=60',
89 silly get     'content-length': '100210',
89 silly get     'accept-ranges': 'bytes',
89 silly get     via: '1.1 varnish',
89 silly get     age: '55',
89 silly get     'x-served-by': 'cache-fra1245-FRA',
89 silly get     'x-cache': 'HIT',
89 silly get     'x-cache-hits': '1',
89 silly get     'x-timer': 'S1427118728.416434,VS0,VE0',
89 silly get     vary: 'Accept',
89 silly get     'keep-alive': 'timeout=10, max=50',
89 silly get     connection: 'Keep-Alive' } ]
90 verbose get saving gulp to /Users/lor/.npm/registry.npmjs.org/gulp/.cache.json
91 http fetch 200 https://registry.npmjs.org/grunt/-/grunt-0.4.5.tgz
92 silly addNameRange number 2 { name: 'gulp', range: '*', hasData: true }
93 warn engineStrict Per-package engineStrict (found in package.json for gulp)
94 warn engineStrict won't be used in npm 3+. Use the config setting `engine-strict` instead.
95 silly addNameRange versions [ 'gulp',
95 silly addNameRange   [ '0.0.1',
95 silly addNameRange     '0.0.2',
95 silly addNameRange     '0.0.3',
95 silly addNameRange     '0.0.4',
95 silly addNameRange     '0.0.5',
95 silly addNameRange     '0.0.7',
95 silly addNameRange     '0.0.8',
95 silly addNameRange     '0.0.9',
95 silly addNameRange     '0.1.0',
95 silly addNameRange     '0.2.0',
95 silly addNameRange     '1.0.0',
95 silly addNameRange     '1.1.0',
95 silly addNameRange     '1.2.0',
95 silly addNameRange     '1.2.1',
95 silly addNameRange     '2.0.0',
95 silly addNameRange     '2.0.1',
95 silly addNameRange     '2.1.0',
95 silly addNameRange     '2.2.0',
95 silly addNameRange     '2.3.0',
95 silly addNameRange     '2.4.0',
95 silly addNameRange     '2.4.1',
95 silly addNameRange     '2.6.0',
95 silly addNameRange     '2.6.1',
95 silly addNameRange     '2.7.0',
95 silly addNameRange     '3.0.0',
95 silly addNameRange     '3.1.1',
95 silly addNameRange     '3.1.2',
95 silly addNameRange     '3.1.3',
95 silly addNameRange     '3.1.4',
95 silly addNameRange     '3.2.0',
95 silly addNameRange     '3.2.1',
95 silly addNameRange     '3.2.2',
95 silly addNameRange     '3.2.3',
95 silly addNameRange     '3.2.4',
95 silly addNameRange     '3.2.5',
95 silly addNameRange     '3.3.0',
95 silly addNameRange     '3.3.1',
95 silly addNameRange     '3.3.2',
95 silly addNameRange     '3.3.4',
95 silly addNameRange     '3.4.0',
95 silly addNameRange     '3.5.0',
95 silly addNameRange     '3.5.1',
95 silly addNameRange     '3.5.2',
95 silly addNameRange     '3.5.5',
95 silly addNameRange     '3.5.6',
95 silly addNameRange     '3.6.0',
95 silly addNameRange     '3.6.1',
95 silly addNameRange     '3.6.2',
95 silly addNameRange     '3.7.0',
95 silly addNameRange     '3.8.0',
95 silly addNameRange     '3.8.1',
95 silly addNameRange     '3.8.2',
95 silly addNameRange     '3.8.3',
95 silly addNameRange     '3.8.4',
95 silly addNameRange     '3.8.5',
95 silly addNameRange     '3.8.6',
95 silly addNameRange     '3.8.7',
95 silly addNameRange     '3.8.8',
95 silly addNameRange     '3.8.9',
95 silly addNameRange     '3.8.10',
95 silly addNameRange     '3.8.11' ] ]
96 verbose addNamed gulp@3.8.11
97 silly addNamed semver.valid 3.8.11
98 silly addNamed semver.validRange 3.8.11
99 silly fetchAndShaCheck shasum 56937cd5194324adff6d207631832a9d6ba4e7f0
100 http fetch 200 https://registry.npmjs.org/bower/-/bower-1.3.12.tgz
101 verbose addTmpTarball /var/folders/jd/nfnkw3dj3qj_h5pj36xn2kf40000gn/T/npm-1445-86e0d318/registry.npmjs.org/grunt/-/grunt-0.4.5.tgz not in flight; adding
102 verbose addTmpTarball already have metadata; skipping unpack for grunt@0.4.5
103 silly cache afterAdd gulp@3.8.11
104 verbose afterAdd /Users/lor/.npm/gulp/3.8.11/package/package.json not in flight; writing
105 verbose afterAdd /Users/lor/.npm/gulp/3.8.11/package/package.json written
106 silly cache afterAdd grunt@0.4.5
107 verbose afterAdd /Users/lor/.npm/grunt/0.4.5/package/package.json not in flight; writing
108 verbose afterAdd /Users/lor/.npm/grunt/0.4.5/package/package.json written
109 silly fetchAndShaCheck shasum 37de0edb3904baf90aee13384a1a379a05ee214c
110 verbose addTmpTarball /var/folders/jd/nfnkw3dj3qj_h5pj36xn2kf40000gn/T/npm-1445-86e0d318/registry.npmjs.org/bower/-/bower-1.3.12.tgz not in flight; adding
111 verbose addTmpTarball already have metadata; skipping unpack for bower@1.3.12
112 silly cache afterAdd bower@1.3.12
113 verbose afterAdd /Users/lor/.npm/bower/1.3.12/package/package.json not in flight; writing
114 verbose afterAdd /Users/lor/.npm/bower/1.3.12/package/package.json written
115 silly install resolved [ { name: 'gulp',
115 silly install resolved     description: 'The streaming build system',
115 silly install resolved     version: '3.8.11',
115 silly install resolved     homepage: 'http://gulpjs.com',
115 silly install resolved     repository: { type: 'git', url: 'https://github.com/gulpjs/gulp' },
115 silly install resolved     author:
115 silly install resolved      { name: 'Fractal',
115 silly install resolved        email: 'contact@wearefractal.com',
115 silly install resolved        url: 'http://wearefractal.com/' },
115 silly install resolved     tags: [ 'build', 'stream', 'system', 'make', 'tool', 'asset', 'pipeline' ],
115 silly install resolved     files: [ 'index.js', 'lib', 'bin', 'completion' ],
115 silly install resolved     bin: { gulp: './bin/gulp.js' },
115 silly install resolved     man: [ 'gulp.1' ],
115 silly install resolved     dependencies:
115 silly install resolved      { archy: '^1.0.0',
115 silly install resolved        chalk: '^0.5.0',
115 silly install resolved        deprecated: '^0.0.1',
115 silly install resolved        'gulp-util': '^3.0.0',
115 silly install resolved        interpret: '^0.3.2',
115 silly install resolved        liftoff: '^2.0.1',
115 silly install resolved        minimist: '^1.1.0',
115 silly install resolved        orchestrator: '^0.3.0',
115 silly install resolved        'pretty-hrtime': '^0.2.0',
115 silly install resolved        semver: '^4.1.0',
115 silly install resolved        tildify: '^1.0.0',
115 silly install resolved        v8flags: '^2.0.2',
115 silly install resolved        'vinyl-fs': '^0.3.0' },
115 silly install resolved     devDependencies:
115 silly install resolved      { coveralls: '^2.7.0',
115 silly install resolved        'graceful-fs': '^3.0.0',
115 silly install resolved        istanbul: '^0.3.0',
115 silly install resolved        jshint: '^2.5.0',
115 silly install resolved        'jshint-stylish': '^1.0.0',
115 silly install resolved        'marked-man': '^0.1.3',
115 silly install resolved        mkdirp: '^0.5.0',
115 silly install resolved        mocha: '^2.0.1',
115 silly install resolved        'mocha-lcov-reporter': '^0.0.1',
115 silly install resolved        q: '^1.0.0',
115 silly install resolved        rimraf: '^2.2.5',
115 silly install resolved        should: '^4.0.0' },
115 silly install resolved     scripts:
115 silly install resolved      { prepublish: 'marked-man --name gulp docs/CLI.md > gulp.1',
115 silly install resolved        lint: 'jshint lib bin index.js --reporter node_modules/jshint-stylish/stylish.js --exclude node_modules',
115 silly install resolved        test: 'npm run-script lint && mocha --reporter spec',
115 silly install resolved        coveralls: 'istanbul cover _mocha --report lcovonly -- -R spec && cat ./coverage/lcov.info | coveralls && rm -rf ./coverage' },
115 silly install resolved     engineStrict: true,
115 silly install resolved     engines: { node: '>= 0.9' },
115 silly install resolved     licenses: [ [Object] ],
115 silly install resolved     gitHead: '84df40b0faabc2b61d576154fd1145e2146377ca',
115 silly install resolved     bugs: { url: 'https://github.com/gulpjs/gulp/issues' },
115 silly install resolved     _id: 'gulp@3.8.11',
115 silly install resolved     _shasum: 'd557e0a7283eb4136491969b0497767972f1d28a',
115 silly install resolved     _from: 'gulp@*',
115 silly install resolved     _npmVersion: '2.5.1',
115 silly install resolved     _nodeVersion: '0.12.0',
115 silly install resolved     _npmUser: { name: 'phated', email: 'blaine@iceddev.com' },
115 silly install resolved     maintainers: [ [Object], [Object] ],
115 silly install resolved     dist:
115 silly install resolved      { shasum: 'd557e0a7283eb4136491969b0497767972f1d28a',
115 silly install resolved        tarball: 'http://registry.npmjs.org/gulp/-/gulp-3.8.11.tgz' },
115 silly install resolved     directories: {},
115 silly install resolved     _resolved: 'https://registry.npmjs.org/gulp/-/gulp-3.8.11.tgz',
115 silly install resolved     readme: 'ERROR: No README data found!' },
115 silly install resolved   { name: 'grunt',
115 silly install resolved     description: 'The JavaScript Task Runner',
115 silly install resolved     version: '0.4.5',
115 silly install resolved     author: { name: '"Cowboy" Ben Alman', url: 'http://benalman.com/' },
115 silly install resolved     homepage: 'http://gruntjs.com/',
115 silly install resolved     repository: { type: 'git', url: 'git://github.com/gruntjs/grunt.git' },
115 silly install resolved     bugs: { url: 'http://github.com/gruntjs/grunt/issues' },
115 silly install resolved     licenses: [ [Object] ],
115 silly install resolved     main: 'lib/grunt',
115 silly install resolved     scripts: { test: 'grunt test' },
115 silly install resolved     engines: { node: '>= 0.8.0' },
115 silly install resolved     keywords:
115 silly install resolved      [ 'task',
115 silly install resolved        'async',
115 silly install resolved        'cli',
115 silly install resolved        'minify',
115 silly install resolved        'uglify',
115 silly install resolved        'build',
115 silly install resolved        'lodash',
115 silly install resolved        'unit',
115 silly install resolved        'test',
115 silly install resolved        'qunit',
115 silly install resolved        'nodeunit',
115 silly install resolved        'server',
115 silly install resolved        'init',
115 silly install resolved        'scaffold',
115 silly install resolved        'make',
115 silly install resolved        'jake',
115 silly install resolved        'tool' ],
115 silly install resolved     dependencies:
115 silly install resolved      { async: '~0.1.22',
115 silly install resolved        'coffee-script': '~1.3.3',
115 silly install resolved        colors: '~0.6.2',
115 silly install resolved        dateformat: '1.0.2-1.2.3',
115 silly install resolved        eventemitter2: '~0.4.13',
115 silly install resolved        'findup-sync': '~0.1.2',
115 silly install resolved        glob: '~3.1.21',
115 silly install resolved        hooker: '~0.2.3',
115 silly install resolved        'iconv-lite': '~0.2.11',
115 silly install resolved        minimatch: '~0.2.12',
115 silly install resolved        nopt: '~1.0.10',
115 silly install resolved        rimraf: '~2.2.8',
115 silly install resolved        lodash: '~0.9.2',
115 silly install resolved        'underscore.string': '~2.2.1',
115 silly install resolved        which: '~1.0.5',
115 silly install resolved        'js-yaml': '~2.0.5',
115 silly install resolved        exit: '~0.1.1',
115 silly install resolved        getobject: '~0.1.0',
115 silly install resolved        'grunt-legacy-util': '~0.2.0',
115 silly install resolved        'grunt-legacy-log': '~0.1.0' },
115 silly install resolved     devDependencies:
115 silly install resolved      { temporary: '~0.0.4',
115 silly install resolved        'grunt-contrib-jshint': '~0.6.4',
115 silly install resolved        'grunt-contrib-nodeunit': '~0.2.0',
115 silly install resolved        'grunt-contrib-watch': '~0.5.3',
115 silly install resolved        difflet: '~0.2.3',
115 silly install resolved        semver: '2.1.0',
115 silly install resolved        shelljs: '~0.2.5' },
115 silly install resolved     _id: 'grunt@0.4.5',
115 silly install resolved     dist:
115 silly install resolved      { shasum: '56937cd5194324adff6d207631832a9d6ba4e7f0',
115 silly install resolved        tarball: 'http://registry.npmjs.org/grunt/-/grunt-0.4.5.tgz' },
115 silly install resolved     _from: 'grunt@*',
115 silly install resolved     _npmVersion: '1.4.4',
115 silly install resolved     _npmUser: { name: 'cowboy', email: 'cowboy@rj3.net' },
115 silly install resolved     maintainers: [ [Object], [Object] ],
115 silly install resolved     directories: {},
115 silly install resolved     _shasum: '56937cd5194324adff6d207631832a9d6ba4e7f0',
115 silly install resolved     _resolved: 'https://registry.npmjs.org/grunt/-/grunt-0.4.5.tgz' },
115 silly install resolved   { name: 'bower',
115 silly install resolved     version: '1.3.12',
115 silly install resolved     description: 'The browser package manager',
115 silly install resolved     author: { name: 'Twitter' },
115 silly install resolved     licenses: [ [Object] ],
115 silly install resolved     repository: { type: 'git', url: 'https://github.com/bower/bower' },
115 silly install resolved     main: 'lib',
115 silly install resolved     homepage: 'http://bower.io',
115 silly install resolved     engines: { node: '>=0.10.0' },
115 silly install resolved     dependencies:
115 silly install resolved      { abbrev: '~1.0.4',
115 silly install resolved        archy: '0.0.2',
115 silly install resolved        'bower-config': '~0.5.2',
115 silly install resolved        'bower-endpoint-parser': '~0.2.2',
115 silly install resolved        'bower-json': '~0.4.0',
115 silly install resolved        'bower-logger': '~0.2.2',
115 silly install resolved        'bower-registry-client': '~0.2.0',
115 silly install resolved        cardinal: '0.4.0',
115 silly install resolved        chalk: '0.5.0',
115 silly install resolved        chmodr: '0.1.0',
115 silly install resolved        'decompress-zip': '0.0.8',
115 silly install resolved        fstream: '~1.0.2',
115 silly install resolved        'fstream-ignore': '~1.0.1',
115 silly install resolved        glob: '~4.0.2',
115 silly install resolved        'graceful-fs': '~3.0.1',
115 silly install resolved        handlebars: '~2.0.0',
115 silly install resolved        inquirer: '0.7.1',
115 silly install resolved        insight: '0.4.3',
115 silly install resolved        'is-root': '~1.0.0',
115 silly install resolved        junk: '~1.0.0',
115 silly install resolved        lockfile: '~1.0.0',
115 silly install resolved        'lru-cache': '~2.5.0',
115 silly install resolved        mkdirp: '0.5.0',
115 silly install resolved        mout: '~0.9.0',
115 silly install resolved        nopt: '~3.0.0',
115 silly install resolved        opn: '~1.0.0',
115 silly install resolved        osenv: '0.1.0',
115 silly install resolved        'p-throttler': '0.1.0',
115 silly install resolved        promptly: '0.2.0',
115 silly install resolved        q: '~1.0.1',
115 silly install resolved        request: '~2.42.0',
115 silly install resolved        'request-progress': '0.3.0',
115 silly install resolved        retry: '0.6.0',
115 silly install resolved        rimraf: '~2.2.0',
115 silly install resolved        semver: '~2.3.0',
115 silly install resolved        'shell-quote': '~1.4.1',
115 silly install resolved        'stringify-object': '~1.0.0',
115 silly install resolved        'tar-fs': '0.5.2',
115 silly install resolved        tmp: '0.0.23',
115 silly install resolved        'update-notifier': '0.2.0',
115 silly install resolved        which: '~1.0.5' },
115 silly install resolved     devDependencies:
115 silly install resolved      { coveralls: '~2.11.0',
115 silly install resolved        'expect.js': '~0.3.1',
115 silly install resolved        grunt: '~0.4.4',
115 silly install resolved        'grunt-cli': '^0.1.13',
115 silly install resolved        'grunt-contrib-jshint': '~0.10.0',
115 silly install resolved        'grunt-contrib-watch': '~0.6.1',
115 silly install resolved        'grunt-exec': '~0.4.2',
115 silly install resolved        'grunt-simple-mocha': '~0.4.0',
115 silly install resolved        istanbul: '~0.3.2',
115 silly install resolved        'load-grunt-tasks': '~0.6.0',
115 silly install resolved        mocha: '~1.21.4',
115 silly install resolved        nock: '~0.46.0',
115 silly install resolved        'node-uuid': '~1.4.1',
115 silly install resolved        proxyquire: '~1.0.1' },
115 silly install resolved     scripts: { test: 'grunt test' },
115 silly install resolved     bin: { bower: 'bin/bower' },
115 silly install resolved     preferGlobal: true,
115 silly install resolved     gitHead: 'b26c072f0db054a1902ec4d2e3726dbf8a1c799a',
115 silly install resolved     bugs: { url: 'https://github.com/bower/bower/issues' },
115 silly install resolved     _id: 'bower@1.3.12',
115 silly install resolved     _shasum: '37de0edb3904baf90aee13384a1a379a05ee214c',
115 silly install resolved     _from: 'bower@*',
115 silly install resolved     _npmVersion: '2.0.0',
115 silly install resolved     _npmUser: { name: 'sheerun', email: 'sheerun@sher.pl' },
115 silly install resolved     maintainers: [ [Object], [Object], [Object], [Object], [Object], [Object] ],
115 silly install resolved     dist:
115 silly install resolved      { shasum: '37de0edb3904baf90aee13384a1a379a05ee214c',
115 silly install resolved        tarball: 'http://registry.npmjs.org/bower/-/bower-1.3.12.tgz' },
115 silly install resolved     directories: {},
115 silly install resolved     _resolved: 'https://registry.npmjs.org/bower/-/bower-1.3.12.tgz' } ]
116 info install gulp@3.8.11 into /usr/local/lib
117 info install grunt@0.4.5 into /usr/local/lib
118 info install bower@1.3.12 into /usr/local/lib
119 info installOne gulp@3.8.11
120 verbose installOne of gulp to /usr/local/lib not in flight; installing
121 info installOne grunt@0.4.5
122 verbose installOne of grunt to /usr/local/lib not in flight; installing
123 info installOne bower@1.3.12
124 verbose installOne of bower to /usr/local/lib not in flight; installing
125 warn locking Error: EACCES, open '/Users/lor/.npm/_locks/gulp-709d00e5d169ceb3.lock'
125 warn locking     at Error (native)
125 warn locking  /Users/lor/.npm/_locks/gulp-709d00e5d169ceb3.lock failed { [Error: EACCES, open '/Users/lor/.npm/_locks/gulp-709d00e5d169ceb3.lock']
125 warn locking   errno: -13,
125 warn locking   code: 'EACCES',
125 warn locking   path: '/Users/lor/.npm/_locks/gulp-709d00e5d169ceb3.lock' }
126 verbose stack Error: Attempt to unlock /usr/local/lib/node_modules/gulp, which hasn't been locked
126 verbose stack     at unlock (/usr/local/lib/node_modules/npm/lib/utils/locker.js:66:11)
126 verbose stack     at cb (/usr/local/lib/node_modules/npm/lib/install.js:955:5)
126 verbose stack     at /usr/local/lib/node_modules/npm/lib/install.js:959:20
126 verbose stack     at /usr/local/lib/node_modules/npm/lib/utils/locker.js:40:9
126 verbose stack     at cb (/usr/local/lib/node_modules/npm/node_modules/lockfile/lockfile.js:149:38)
126 verbose stack     at /usr/local/lib/node_modules/npm/node_modules/lockfile/lockfile.js:177:38
126 verbose stack     at FSReqWrap.oncomplete (fs.js:99:15)
127 verbose cwd /Applications/MAMP/htdocs/appliBusiness/frontend
128 error Darwin 14.1.0
129 error argv "node" "/usr/local/bin/npm" "install" "-g" "gulp" "bower" "grunt"
130 error node v0.12.0
131 error npm  v2.7.0
132 error Attempt to unlock /usr/local/lib/node_modules/gulp, which hasn't been locked
133 error If you need help, you may report this error at:
133 error     <http://github.com/npm/npm/issues>
134 verbose exit [ 1, true ]
